<?xml version="1.0" encoding="UTF-8"?>
<testsuite xmlns:xsi="http://www.w3.org/2001/XMLSchema-instance" xsi:noNamespaceSchemaLocation="https://maven.apache.org/surefire/maven-surefire-plugin/xsd/surefire-test-report-3.0.xsd" version="3.0" name="br.com.organizatec.gestao.web.AuthorizationIntegrationTest" time="3.911" tests="3" errors="0" skipped="0" failures="0">
  <properties>
[...]
</properties>
  <testcase name="testAcessoRelatoriosApenasRHESeguranca" classname="br.com.organizatec.gestao.web.AuthorizationIntegrationTest" time="0.164">
    <system-out><![CDATA[2025-10-08 00:03:08.812 INFO  [main] user= ip= o.s.t.c.s.AnnotationConfigContextLoaderUtils - Could not detect default configuration classes for test class [br.com.organizatec.gestao.web.AuthorizationIntegrationTest]: AuthorizationIntegrationTest does not declare any static, non-private, non-final, nested classes annotated with @Configuration.
2025-10-08 00:03:08.851 INFO  [main] user= ip= o.s.b.t.c.SpringBootTestContextBootstrapper - Found @SpringBootConfiguration br.com.organizatec.gestao.GestaoApplication for test class br.com.organizatec.gestao.web.AuthorizationIntegrationTest

  .   ____          _            __ _ _
 /\\ / ___'_ __ _ _(_)_ __  __ _ \ \ \ \
( ( )\___ | '_ | '_| | '_ \/ _` | \ \ \ \
 \\/  ___)| |_)| | | | | || (_| |  ) ) ) )
  '  |____| .__|_| |_|_| |_\__, | / / / /
 =========|_|==============|___/=/_/_/_/

 :: Spring Boot ::                (v3.3.4)

2025-10-08 00:03:08.948 INFO  [main] user= ip= b.c.o.g.w.AuthorizationIntegrationTest - Starting AuthorizationIntegrationTest using Java 21.0.8 with PID 16972 (started by Gustavo in C:\Users\Gustavo\Downloads\gestao-de-funcionarios-2025)
2025-10-08 00:03:08.949 INFO  [main] user= ip= b.c.o.g.w.AuthorizationIntegrationTest - No active profile set, falling back to 1 default profile: "default"
2025-10-08 00:03:09.518 INFO  [main] user= ip= o.s.d.r.c.RepositoryConfigurationDelegate - Bootstrapping Spring Data JPA repositories in DEFAULT mode.
2025-10-08 00:03:09.546 INFO  [main] user= ip= o.s.d.r.c.RepositoryConfigurationDelegate - Finished Spring Data repository scanning in 27 ms. Found 3 JPA repository interfaces.
2025-10-08 00:03:10.200 INFO  [main] user= ip= com.zaxxer.hikari.HikariDataSource - HikariPool-1 - Starting...
2025-10-08 00:03:10.228 INFO  [main] user= ip= com.zaxxer.hikari.pool.HikariPool - HikariPool-1 - Added connection conn7: url=jdbc:h2:mem:gestao user=SA
2025-10-08 00:03:10.232 INFO  [main] user= ip= com.zaxxer.hikari.HikariDataSource - HikariPool-1 - Start completed.
2025-10-08 00:03:10.255 INFO  [main] user= ip= org.flywaydb.core.FlywayExecutor - Database: jdbc:h2:mem:gestao (H2 2.2)
2025-10-08 00:03:10.260 WARN  [main] user= ip= o.f.c.i.database.base.Database - Flyway upgrade recommended: H2 2.2.224 is newer than this version of Flyway and support has not been tested. The latest supported version of H2 is 2.2.220.
2025-10-08 00:03:10.261 INFO  [main] user= ip= o.f.c.i.s.JdbcTableSchemaHistory - Schema history table "PUBLIC"."flyway_schema_history" does not exist yet
2025-10-08 00:03:10.262 INFO  [main] user= ip= o.f.core.internal.command.DbValidate - Successfully validated 0 migrations (execution time 00:00.000s)
2025-10-08 00:03:10.262 WARN  [main] user= ip= o.f.core.internal.command.DbValidate - No migrations found. Are your locations set up correctly?
2025-10-08 00:03:10.266 INFO  [main] user= ip= o.f.c.i.s.JdbcTableSchemaHistory - Creating Schema History table "PUBLIC"."flyway_schema_history" ...
2025-10-08 00:03:10.276 INFO  [main] user= ip= o.f.core.internal.command.DbMigrate - Current version of schema "PUBLIC": << Empty Schema >>
2025-10-08 00:03:10.277 INFO  [main] user= ip= o.f.core.internal.command.DbMigrate - Schema "PUBLIC" is up to date. No migration necessary.
2025-10-08 00:03:10.332 INFO  [main] user= ip= o.h.jpa.internal.util.LogHelper - HHH000204: Processing PersistenceUnitInfo [name: default]
2025-10-08 00:03:10.339 INFO  [main] user= ip= o.h.c.i.RegionFactoryInitiator - HHH000026: Second-level cache disabled
2025-10-08 00:03:10.360 INFO  [main] user= ip= o.s.o.j.p.SpringPersistenceUnitInfo - No LoadTimeWeaver setup: ignoring JPA class transformer
2025-10-08 00:03:10.502 INFO  [main] user= ip= o.h.e.t.j.p.i.JtaPlatformInitiator - HHH000489: No JTA platform available (set 'hibernate.transaction.jta.platform' to enable JTA platform integration)
Hibernate: 
    create table funcionarios_proprios (
        id bigint generated by default as identity,
        cpf varchar(14) not null,
        data_nascimento date,
        nome varchar(120) not null,
        cargo varchar(60) not null,
        data_contratacao date not null,
        departamento varchar(60) not null,
        matricula varchar(20),
        salario_base float(53) not null,
        primary key (id)
    )
Hibernate: 
    create table terceirizados (
        id bigint generated by default as identity,
        cpf varchar(14) not null,
        data_nascimento date,
        nome varchar(120) not null,
        data_hora_entrada timestamp(6),
        data_hora_saida timestamp(6),
        empresa_origem varchar(255),
        setor varchar(255),
        primary key (id)
    )
Hibernate: 
    create table visitantes (
        id bigint generated by default as identity,
        cpf varchar(14) not null,
        data_nascimento date,
        nome varchar(120) not null,
        data_hora_entrada timestamp(6),
        data_hora_saida timestamp(6),
        empresa_origem varchar(255),
        motivo_visita varchar(255),
        primary key (id)
    )
Hibernate: 
    alter table if exists funcionarios_proprios 
       drop constraint if exists uk_funcionarios_proprios_cpf
Hibernate: 
    alter table if exists funcionarios_proprios 
       add constraint uk_funcionarios_proprios_cpf unique (cpf)
Hibernate: 
    alter table if exists funcionarios_proprios 
       drop constraint if exists uk_funcionarios_proprios_matricula
Hibernate: 
    alter table if exists funcionarios_proprios 
       add constraint uk_funcionarios_proprios_matricula unique (matricula)
Hibernate: 
    alter table if exists terceirizados 
       drop constraint if exists UKbcnw9wvt2dqtduntmkpkkc2vr
Hibernate: 
    alter table if exists terceirizados 
       add constraint UKbcnw9wvt2dqtduntmkpkkc2vr unique (cpf)
Hibernate: 
    alter table if exists visitantes 
       drop constraint if exists UKc481678h2nq80gfbwg0kk5f1f
Hibernate: 
    alter table if exists visitantes 
       add constraint UKc481678h2nq80gfbwg0kk5f1f unique (cpf)
2025-10-08 00:03:10.512 INFO  [main] user= ip= o.s.o.j.LocalContainerEntityManagerFactoryBean - Initialized JPA EntityManagerFactory for persistence unit 'default'
2025-10-08 00:03:10.680 WARN  [main] user= ip= o.s.b.a.o.j.JpaBaseConfiguration$JpaWebConfiguration - spring.jpa.open-in-view is enabled by default. Therefore, database queries may be performed during view rendering. Explicitly configure spring.jpa.open-in-view to disable this warning
2025-10-08 00:03:11.058 INFO  [main] user= ip= o.s.s.c.a.a.c.InitializeUserDetailsBeanManagerConfigurer$InitializeUserDetailsManagerConfigurer - Global AuthenticationManager configured with UserDetailsService bean with name userDetailsService
2025-10-08 00:03:12.222 INFO  [main] user= ip= o.s.b.a.h.H2ConsoleAutoConfiguration - H2 console available at '/h2'. Database available at 'jdbc:h2:mem:gestao'
2025-10-08 00:03:12.376 INFO  [main] user= ip= o.s.b.t.m.w.SpringBootMockServletContext - Initializing Spring TestDispatcherServlet ''
2025-10-08 00:03:12.376 INFO  [main] user= ip= o.s.t.w.s.TestDispatcherServlet - Initializing Servlet ''
2025-10-08 00:03:12.379 INFO  [main] user= ip= o.s.t.w.s.TestDispatcherServlet - Completed initialization in 2 ms
2025-10-08 00:03:12.400 INFO  [main] user= ip= b.c.o.g.w.AuthorizationIntegrationTest - Started AuthorizationIntegrationTest in 3.523 seconds (process running for 9.896)
]]></system-out>
  </testcase>
  <testcase name="testAcessoFuncionariosApenasRH" classname="br.com.organizatec.gestao.web.AuthorizationIntegrationTest" time="0.099"/>
  <testcase name="testAcessoAcessoPermitidoMultiplosPerfis" classname="br.com.organizatec.gestao.web.AuthorizationIntegrationTest" time="0.025"/>
</testsuite>