<?xml version="1.0" encoding="UTF-8"?>
<testsuite xmlns:xsi="http://www.w3.org/2001/XMLSchema-instance" xsi:noNamespaceSchemaLocation="https://maven.apache.org/surefire/maven-surefire-plugin/xsd/surefire-test-report-3.0.xsd" version="3.0" name="br.com.organizatec.gestao.repository.FuncionarioProprioRepositoryTest" time="4.242" tests="2" errors="0" skipped="0" failures="0">
  <properties>
[...]
</properties>
  <testcase name="deveSalvarFuncionarioEGerarId" classname="br.com.organizatec.gestao.repository.FuncionarioProprioRepositoryTest" time="0.546">
    <system-out><![CDATA[16:06:23.695 [main] INFO org.springframework.test.context.support.AnnotationConfigContextLoaderUtils -- Could not detect default configuration classes for test class [br.com.organizatec.gestao.repository.FuncionarioProprioRepositoryTest]: FuncionarioProprioRepositoryTest does not declare any static, non-private, non-final, nested classes annotated with @Configuration.
16:06:23.816 [main] INFO org.springframework.boot.test.context.SpringBootTestContextBootstrapper -- Found @SpringBootConfiguration br.com.organizatec.gestao.GestaoApplication for test class br.com.organizatec.gestao.repository.FuncionarioProprioRepositoryTest

  .   ____          _            __ _ _
 /\\ / ___'_ __ _ _(_)_ __  __ _ \ \ \ \
( ( )\___ | '_ | '_| | '_ \/ _` | \ \ \ \
 \\/  ___)| |_)| | | | | || (_| |  ) ) ) )
  '  |____| .__|_| |_|_| |_\__, | / / / /
 =========|_|==============|___/=/_/_/_/

 :: Spring Boot ::                (v3.3.4)

2025-10-08 16:06:24.355 INFO  [main] user= ip= b.c.o.g.r.FuncionarioProprioRepositoryTest - Starting FuncionarioProprioRepositoryTest using Java 21.0.8 with PID 24656 (started by Gustavo in C:\Users\Gustavo\Downloads\gestao-de-funcionarios-2025)
2025-10-08 16:06:24.358 INFO  [main] user= ip= b.c.o.g.r.FuncionarioProprioRepositoryTest - The following 1 profile is active: "test"
2025-10-08 16:06:24.745 INFO  [main] user= ip= o.s.d.r.c.RepositoryConfigurationDelegate - Bootstrapping Spring Data JPA repositories in DEFAULT mode.
2025-10-08 16:06:24.811 INFO  [main] user= ip= o.s.d.r.c.RepositoryConfigurationDelegate - Finished Spring Data repository scanning in 56 ms. Found 3 JPA repository interfaces.
2025-10-08 16:06:24.872 INFO  [main] user= ip= o.s.b.t.a.j.TestDatabaseAutoConfiguration$EmbeddedDataSourceBeanFactoryPostProcessor - Replacing 'dataSource' DataSource bean with embedded version
2025-10-08 16:06:25.100 INFO  [main] user= ip= o.s.j.d.e.EmbeddedDatabaseFactory - Starting embedded database: url='jdbc:h2:mem:d1688903-fcc1-46c9-80bc-b3c879fd6c2d;DB_CLOSE_DELAY=-1;DB_CLOSE_ON_EXIT=false', username='sa'
2025-10-08 16:06:25.411 INFO  [main] user= ip= org.flywaydb.core.FlywayExecutor - Database: jdbc:h2:mem:d1688903-fcc1-46c9-80bc-b3c879fd6c2d (H2 2.2)
2025-10-08 16:06:25.418 WARN  [main] user= ip= o.f.c.i.database.base.Database - Flyway upgrade recommended: H2 2.2.224 is newer than this version of Flyway and support has not been tested. The latest supported version of H2 is 2.2.220.
2025-10-08 16:06:25.429 INFO  [main] user= ip= o.f.c.i.s.JdbcTableSchemaHistory - Schema history table "PUBLIC"."flyway_schema_history" does not exist yet
2025-10-08 16:06:25.431 INFO  [main] user= ip= o.f.core.internal.command.DbValidate - Successfully validated 0 migrations (execution time 00:00.004s)
2025-10-08 16:06:25.431 WARN  [main] user= ip= o.f.core.internal.command.DbValidate - No migrations found. Are your locations set up correctly?
2025-10-08 16:06:25.437 INFO  [main] user= ip= o.f.c.i.s.JdbcTableSchemaHistory - Creating Schema History table "PUBLIC"."flyway_schema_history" ...
2025-10-08 16:06:25.467 INFO  [main] user= ip= o.f.core.internal.command.DbMigrate - Current version of schema "PUBLIC": << Empty Schema >>
2025-10-08 16:06:25.469 INFO  [main] user= ip= o.f.core.internal.command.DbMigrate - Schema "PUBLIC" is up to date. No migration necessary.
2025-10-08 16:06:25.569 INFO  [main] user= ip= o.h.jpa.internal.util.LogHelper - HHH000204: Processing PersistenceUnitInfo [name: default]
2025-10-08 16:06:25.629 INFO  [main] user= ip= org.hibernate.Version - HHH000412: Hibernate ORM core version 6.5.3.Final
2025-10-08 16:06:25.670 INFO  [main] user= ip= o.h.c.i.RegionFactoryInitiator - HHH000026: Second-level cache disabled
2025-10-08 16:06:25.995 INFO  [main] user= ip= o.s.o.j.p.SpringPersistenceUnitInfo - No LoadTimeWeaver setup: ignoring JPA class transformer
2025-10-08 16:06:26.792 INFO  [main] user= ip= o.h.e.t.j.p.i.JtaPlatformInitiator - HHH000489: No JTA platform available (set 'hibernate.transaction.jta.platform' to enable JTA platform integration)
Hibernate: 
    create table funcionarios_proprios (
        id bigint generated by default as identity,
        cpf varchar(14) not null,
        data_nascimento date,
        nome varchar(120) not null,
        cargo varchar(60) not null,
        data_contratacao date not null,
        departamento varchar(60) not null,
        matricula varchar(20),
        salario_base float(53) not null,
        primary key (id)
    )
Hibernate: 
    create table terceirizados (
        id bigint generated by default as identity,
        cpf varchar(14) not null,
        data_nascimento date,
        nome varchar(120) not null,
        data_hora_entrada timestamp(6),
        data_hora_saida timestamp(6),
        empresa_origem varchar(255),
        setor varchar(255),
        primary key (id)
    )
Hibernate: 
    create table visitantes (
        id bigint generated by default as identity,
        cpf varchar(14) not null,
        data_nascimento date,
        nome varchar(120) not null,
        data_hora_entrada timestamp(6),
        data_hora_saida timestamp(6),
        empresa_origem varchar(255),
        motivo_visita varchar(255),
        primary key (id)
    )
Hibernate: 
    alter table if exists funcionarios_proprios 
       drop constraint if exists uk_funcionarios_proprios_cpf
Hibernate: 
    alter table if exists funcionarios_proprios 
       add constraint uk_funcionarios_proprios_cpf unique (cpf)
Hibernate: 
    alter table if exists funcionarios_proprios 
       drop constraint if exists uk_funcionarios_proprios_matricula
Hibernate: 
    alter table if exists funcionarios_proprios 
       add constraint uk_funcionarios_proprios_matricula unique (matricula)
Hibernate: 
    alter table if exists terceirizados 
       drop constraint if exists UKbcnw9wvt2dqtduntmkpkkc2vr
Hibernate: 
    alter table if exists terceirizados 
       add constraint UKbcnw9wvt2dqtduntmkpkkc2vr unique (cpf)
Hibernate: 
    alter table if exists visitantes 
       drop constraint if exists UKc481678h2nq80gfbwg0kk5f1f
Hibernate: 
    alter table if exists visitantes 
       add constraint UKc481678h2nq80gfbwg0kk5f1f unique (cpf)
2025-10-08 16:06:26.828 INFO  [main] user= ip= o.s.o.j.LocalContainerEntityManagerFactoryBean - Initialized JPA EntityManagerFactory for persistence unit 'default'
2025-10-08 16:06:27.202 INFO  [main] user= ip= b.c.o.g.r.FuncionarioProprioRepositoryTest - Started FuncionarioProprioRepositoryTest in 3.315 seconds (process running for 4.248)
Hibernate: 
    insert 
    into
        funcionarios_proprios
        (cargo, cpf, data_contratacao, data_nascimento, departamento, matricula, nome, salario_base, id) 
    values
        (?, ?, ?, ?, ?, ?, ?, ?, default)
]]></system-out>
    <system-err><![CDATA[WARNING: A Java agent has been loaded dynamically (C:\Users\Gustavo\.m2\repository\net\bytebuddy\byte-buddy-agent\1.14.19\byte-buddy-agent-1.14.19.jar)
WARNING: If a serviceability tool is in use, please run with -XX:+EnableDynamicAgentLoading to hide this warning
WARNING: If a serviceability tool is not in use, please run with -Djdk.instrument.traceUsage for more information
WARNING: Dynamic loading of agents will be disallowed by default in a future release
]]></system-err>
  </testcase>
  <testcase name="deveSalvarCamposHerdadosEEspecificos" classname="br.com.organizatec.gestao.repository.FuncionarioProprioRepositoryTest" time="0.019">
    <system-out><![CDATA[Hibernate: 
    insert 
    into
        funcionarios_proprios
        (cargo, cpf, data_contratacao, data_nascimento, departamento, matricula, nome, salario_base, id) 
    values
        (?, ?, ?, ?, ?, ?, ?, ?, default)
]]></system-out>
  </testcase>
</testsuite>