<?xml version="1.0" encoding="UTF-8"?>
<testsuite xmlns:xsi="http://www.w3.org/2001/XMLSchema-instance" xsi:noNamespaceSchemaLocation="https://maven.apache.org/surefire/maven-surefire-plugin/xsd/surefire-test-report-3.0.xsd" version="3.0" name="br.com.organizatec.gestao.web.AuthorizationTest" time="4.104" tests="3" errors="0" skipped="0" failures="2">
  <properties>
[...]
</properties>
  <testcase name="testAcessoRelatoriosApenasRHESeguranca" classname="br.com.organizatec.gestao.web.AuthorizationTest" time="0.159">
    <failure message="Response content&#10;Expected: a string starting with &quot;Tipo,Nome,Documento,Status,Hora_Entrada&quot;&#10;     but: was &quot;&quot;" type="java.lang.AssertionError"><![CDATA[java.lang.AssertionError: 
Response content
Expected: a string starting with "Tipo,Nome,Documento,Status,Hora_Entrada"
     but: was ""
	at org.hamcrest.MatcherAssert.assertThat(MatcherAssert.java:20)
	at org.springframework.test.web.servlet.result.ContentResultMatchers.lambda$string$3(ContentResultMatchers.java:141)
	at org.springframework.test.web.servlet.MockMvc$1.andExpect(MockMvc.java:214)
	at br.com.organizatec.gestao.web.AuthorizationTest.testAcessoRelatoriosApenasRHESeguranca(AuthorizationTest.java:128)
	at java.base/java.lang.reflect.Method.invoke(Method.java:580)
	at java.base/java.util.ArrayList.forEach(ArrayList.java:1596)
	at java.base/java.util.ArrayList.forEach(ArrayList.java:1596)
]]></failure>
    <system-out><![CDATA[23:08:28.247 [main] INFO org.springframework.test.context.support.AnnotationConfigContextLoaderUtils -- Could not detect default configuration classes for test class [br.com.organizatec.gestao.web.AuthorizationTest]: AuthorizationTest does not declare any static, non-private, non-final, nested classes annotated with @Configuration.
23:08:28.400 [main] INFO org.springframework.boot.test.context.SpringBootTestContextBootstrapper -- Found @SpringBootConfiguration br.com.organizatec.gestao.GestaoApplication for test class br.com.organizatec.gestao.web.AuthorizationTest

  .   ____          _            __ _ _
 /\\ / ___'_ __ _ _(_)_ __  __ _ \ \ \ \
( ( )\___ | '_ | '_| | '_ \/ _` | \ \ \ \
 \\/  ___)| |_)| | | | | || (_| |  ) ) ) )
  '  |____| .__|_| |_|_| |_\__, | / / / /
 =========|_|==============|___/=/_/_/_/

 :: Spring Boot ::                (v3.3.4)

2025-10-07 23:08:29.064 INFO  [main] user= ip= b.c.o.gestao.web.AuthorizationTest - Starting AuthorizationTest using Java 21.0.8 with PID 16252 (started by Gustavo in C:\Users\Gustavo\Downloads\gestao-de-funcionarios-2025)
2025-10-07 23:08:29.066 INFO  [main] user= ip= b.c.o.gestao.web.AuthorizationTest - No active profile set, falling back to 1 default profile: "default"
2025-10-07 23:08:31.054 INFO  [main] user= ip= o.s.s.c.a.a.c.InitializeUserDetailsBeanManagerConfigurer$InitializeUserDetailsManagerConfigurer - Global AuthenticationManager configured with UserDetailsService bean with name userDetailsService
2025-10-07 23:08:31.889 INFO  [main] user= ip= o.s.b.t.m.w.SpringBootMockServletContext - Initializing Spring TestDispatcherServlet ''
2025-10-07 23:08:31.889 INFO  [main] user= ip= o.s.t.w.s.TestDispatcherServlet - Initializing Servlet ''
2025-10-07 23:08:31.892 INFO  [main] user= ip= o.s.t.w.s.TestDispatcherServlet - Completed initialization in 2 ms
2025-10-07 23:08:31.927 INFO  [main] user= ip= b.c.o.gestao.web.AuthorizationTest - Started AuthorizationTest in 3.307 seconds (process running for 4.36)

MockHttpServletRequest:
      HTTP Method = GET
      Request URI = /relatorios/circulacao/csv
       Parameters = {}
          Headers = [Accept:"text/csv"]
             Body = null
    Session Attrs = {SPRING_SECURITY_CONTEXT=SecurityContextImpl [Authentication=UsernamePasswordAuthenticationToken [Principal=org.springframework.security.core.userdetails.User [Username=seguranca, Password=[PROTECTED], Enabled=true, AccountNonExpired=true, CredentialsNonExpired=true, AccountNonLocked=true, Granted Authorities=[ROLE_SEGURANCA]], Credentials=[PROTECTED], Authenticated=true, Details=null, Granted Authorities=[ROLE_SEGURANCA]]]}

Handler:
             Type = null

Async:
    Async started = false
     Async result = null

Resolved Exception:
             Type = null

ModelAndView:
        View name = null
             View = null
            Model = null

FlashMap:
       Attributes = null

MockHttpServletResponse:
           Status = 200
    Error message = null
          Headers = [X-Content-Type-Options:"nosniff", X-XSS-Protection:"0", Cache-Control:"no-cache, no-store, max-age=0, must-revalidate", Pragma:"no-cache", Expires:"0", X-Frame-Options:"SAMEORIGIN"]
     Content type = null
             Body = 
    Forwarded URL = null
   Redirected URL = null
          Cookies = []
]]></system-out>
    <system-err><![CDATA[WARNING: A Java agent has been loaded dynamically (C:\Users\Gustavo\.m2\repository\net\bytebuddy\byte-buddy-agent\1.14.19\byte-buddy-agent-1.14.19.jar)
WARNING: If a serviceability tool is in use, please run with -XX:+EnableDynamicAgentLoading to hide this warning
WARNING: If a serviceability tool is not in use, please run with -Djdk.instrument.traceUsage for more information
WARNING: Dynamic loading of agents will be disallowed by default in a future release
]]></system-err>
  </testcase>
  <testcase name="testAcessoFuncionariosApenasRH" classname="br.com.organizatec.gestao.web.AuthorizationTest" time="0.025">
    <failure message="Status expected:&lt;403&gt; but was:&lt;200&gt;" type="java.lang.AssertionError"><![CDATA[java.lang.AssertionError: Status expected:<403> but was:<200>
	at org.springframework.test.util.AssertionErrors.fail(AssertionErrors.java:59)
	at org.springframework.test.util.AssertionErrors.assertEquals(AssertionErrors.java:122)
	at org.springframework.test.web.servlet.result.StatusResultMatchers.lambda$matcher$9(StatusResultMatchers.java:637)
	at org.springframework.test.web.servlet.MockMvc$1.andExpect(MockMvc.java:214)
	at br.com.organizatec.gestao.web.AuthorizationTest.testAcessoFuncionariosApenasRH(AuthorizationTest.java:98)
	at java.base/java.lang.reflect.Method.invoke(Method.java:580)
	at java.base/java.util.ArrayList.forEach(ArrayList.java:1596)
	at java.base/java.util.ArrayList.forEach(ArrayList.java:1596)
]]></failure>
    <system-out><![CDATA[
MockHttpServletRequest:
      HTTP Method = POST
      Request URI = /funcionarios
       Parameters = {_csrf=[_0yHfl0luUQ5N6RkURYW8fkFZKBUK6-siH9DlGxyvFUWFxf4zi2zSD5D3HEUVcAFNDsiwZw1ScFhTcyBuBpxo1xEiDckdSKc]}
          Headers = [Content-Type:"application/json;charset=UTF-8", Content-Length:"197"]
             Body = {
  "nome": "Carlos Silva",
  "cpf": "111.222.333-44",
  "dataNascimento": "1990-05-20",
  "cargo": "Analista",
  "salarioBase": 5000.0,
  "dataContratacao": "2024-01-10",
  "departamento": "TI"
}

    Session Attrs = {SPRING_SECURITY_CONTEXT=SecurityContextImpl [Authentication=UsernamePasswordAuthenticationToken [Principal=org.springframework.security.core.userdetails.User [Username=rh, Password=[PROTECTED], Enabled=true, AccountNonExpired=true, CredentialsNonExpired=true, AccountNonLocked=true, Granted Authorities=[ROLE_RH]], Credentials=[PROTECTED], Authenticated=true, Details=null, Granted Authorities=[ROLE_RH]]]}

Handler:
             Type = null

Async:
    Async started = false
     Async result = null

Resolved Exception:
             Type = null

ModelAndView:
        View name = null
             View = null
            Model = null

FlashMap:
       Attributes = null

MockHttpServletResponse:
           Status = 200
    Error message = null
          Headers = [X-Content-Type-Options:"nosniff", X-XSS-Protection:"0", Cache-Control:"no-cache, no-store, max-age=0, must-revalidate", Pragma:"no-cache", Expires:"0", X-Frame-Options:"SAMEORIGIN"]
     Content type = null
             Body = 
    Forwarded URL = null
   Redirected URL = null
          Cookies = []

MockHttpServletRequest:
      HTTP Method = POST
      Request URI = /funcionarios
       Parameters = {_csrf=[TXnSRMULAYra6zmKMjGajUGvvpWa-jVABxsY0p_dfB5iWjQnL0vndqRqZLr321q9Cxyu6XjKk_f8mQxtZCh6s_rkTnwGbwEU]}
          Headers = [Content-Type:"application/json;charset=UTF-8", Content-Length:"197"]
             Body = {
  "nome": "Carlos Silva",
  "cpf": "111.222.333-44",
  "dataNascimento": "1990-05-20",
  "cargo": "Analista",
  "salarioBase": 5000.0,
  "dataContratacao": "2024-01-10",
  "departamento": "TI"
}

    Session Attrs = {SPRING_SECURITY_CONTEXT=SecurityContextImpl [Authentication=UsernamePasswordAuthenticationToken [Principal=org.springframework.security.core.userdetails.User [Username=recepcao, Password=[PROTECTED], Enabled=true, AccountNonExpired=true, CredentialsNonExpired=true, AccountNonLocked=true, Granted Authorities=[ROLE_RECEPCAO]], Credentials=[PROTECTED], Authenticated=true, Details=null, Granted Authorities=[ROLE_RECEPCAO]]]}

Handler:
             Type = null

Async:
    Async started = false
     Async result = null

Resolved Exception:
             Type = null

ModelAndView:
        View name = null
             View = null
            Model = null

FlashMap:
       Attributes = null

MockHttpServletResponse:
           Status = 200
    Error message = null
          Headers = [X-Content-Type-Options:"nosniff", X-XSS-Protection:"0", Cache-Control:"no-cache, no-store, max-age=0, must-revalidate", Pragma:"no-cache", Expires:"0", X-Frame-Options:"SAMEORIGIN"]
     Content type = null
             Body = 
    Forwarded URL = null
   Redirected URL = null
          Cookies = []
]]></system-out>
  </testcase>
  <testcase name="testAcessoAcessoPermitidoMultiplosPerfis" classname="br.com.organizatec.gestao.web.AuthorizationTest" time="0.017"/>
</testsuite>